<?xml version="1.0" encoding="UTF-8"?>
<testng-results ignored="0" total="3" passed="2" failed="1" skipped="0">
  <reporter-output>
  </reporter-output>
  <suite started-at="2024-12-15T02:18:40 IST" name="Default suite" finished-at="2024-12-15T02:18:40 IST" duration-ms="307">
    <groups>
    </groups>
    <test started-at="2024-12-15T02:18:40 IST" name="Default test" finished-at="2024-12-15T02:18:40 IST" duration-ms="307">
      <class name="CoreJavaBasics.JavaStreams">
        <test-method signature="javasteams_practice()[pri:0, instance:CoreJavaBasics.JavaStreams@3f91b517]" started-at="2024-12-15T02:18:40 IST" name="javasteams_practice" finished-at="2024-12-15T02:18:40 IST" duration-ms="87" status="PASS">
          <reporter-output>
          </reporter-output>
        </test-method> <!-- javasteams_practice -->
        <test-method signature="javasteams_practice1()[pri:0, instance:CoreJavaBasics.JavaStreams@3f91b517]" started-at="2024-12-15T02:18:40 IST" name="javasteams_practice1" finished-at="2024-12-15T02:18:40 IST" duration-ms="7" status="FAIL">
          <exception class="java.lang.IllegalStateException">
            <message>
              <![CDATA[stream has already been operated upon or closed]]>
            </message>
            <full-stacktrace>
              <![CDATA[java.lang.IllegalStateException: stream has already been operated upon or closed
at java.base/java.util.stream.AbstractPipeline.evaluate(AbstractPipeline.java:229)
at java.base/java.util.stream.ReferencePipeline.allMatch(ReferencePipeline.java:637)
at CoreJavaBasics.JavaStreams.javasteams_practice1(JavaStreams.java:51)
at java.base/jdk.internal.reflect.NativeMethodAccessorImpl.invoke0(Native Method)
at java.base/jdk.internal.reflect.NativeMethodAccessorImpl.invoke(NativeMethodAccessorImpl.java:77)
at java.base/jdk.internal.reflect.DelegatingMethodAccessorImpl.invoke(DelegatingMethodAccessorImpl.java:43)
at java.base/java.lang.reflect.Method.invoke(Method.java:568)
at org.testng.internal.invokers.MethodInvocationHelper.invokeMethod(MethodInvocationHelper.java:139)
at org.testng.internal.invokers.TestInvoker.invokeMethod(TestInvoker.java:664)
at org.testng.internal.invokers.TestInvoker.invokeTestMethod(TestInvoker.java:227)
at org.testng.internal.invokers.MethodRunner.runInSequence(MethodRunner.java:50)
at org.testng.internal.invokers.TestInvoker$MethodInvocationAgent.invoke(TestInvoker.java:957)
at org.testng.internal.invokers.TestInvoker.invokeTestMethods(TestInvoker.java:200)
at org.testng.internal.invokers.TestMethodWorker.invokeTestMethods(TestMethodWorker.java:148)
at org.testng.internal.invokers.TestMethodWorker.run(TestMethodWorker.java:128)
at java.base/java.util.ArrayList.forEach(ArrayList.java:1511)
at org.testng.TestRunner.privateRun(TestRunner.java:848)
at org.testng.TestRunner.run(TestRunner.java:621)
at org.testng.SuiteRunner.runTest(SuiteRunner.java:443)
at org.testng.SuiteRunner.runSequentially(SuiteRunner.java:437)
at org.testng.SuiteRunner.privateRun(SuiteRunner.java:397)
at org.testng.SuiteRunner.run(SuiteRunner.java:336)
at org.testng.SuiteRunnerWorker.runSuite(SuiteRunnerWorker.java:52)
at org.testng.SuiteRunnerWorker.run(SuiteRunnerWorker.java:95)
at org.testng.TestNG.runSuitesSequentially(TestNG.java:1280)
at org.testng.TestNG.runSuitesLocally(TestNG.java:1200)
at org.testng.TestNG.runSuites(TestNG.java:1114)
at org.testng.TestNG.run(TestNG.java:1082)
at org.testng.remote.AbstractRemoteTestNG.run(AbstractRemoteTestNG.java:115)
at org.testng.remote.RemoteTestNG.initAndRun(RemoteTestNG.java:251)
at org.testng.remote.RemoteTestNG.main(RemoteTestNG.java:77)
]]>
            </full-stacktrace>
          </exception> <!-- java.lang.IllegalStateException -->
          <reporter-output>
          </reporter-output>
        </test-method> <!-- javasteams_practice1 -->
        <test-method signature="print_uniquenumbers()[pri:0, instance:CoreJavaBasics.JavaStreams@3f91b517]" started-at="2024-12-15T02:18:40 IST" name="print_uniquenumbers" finished-at="2024-12-15T02:18:40 IST" duration-ms="5" status="PASS">
          <reporter-output>
          </reporter-output>
        </test-method> <!-- print_uniquenumbers -->
      </class> <!-- CoreJavaBasics.JavaStreams -->
    </test> <!-- Default test -->
  </suite> <!-- Default suite -->
</testng-results>
